<?xml version="1.0" encoding="UTF-8"?>
<!-- Generated by org.testng.reporters.JUnitXMLReporter -->
<testsuite ignored="3" hostname="DESKTOP-UBJL9G9" failures="0" tests="1" name="Default test" time="8.651" errors="0" timestamp="2024-03-29T15:47:16 IST">
  <testcase classname="LcoPortal.PairUnpair.PairUnpairTest" name="pair1Test" time="1.958"/>
  <testcase classname="LcoPortal.PairUnpair.PairUnpairTest" name="pairTC2162Test" time="0.0">
    <ignored/>
  </testcase> <!-- pairTC2162Test -->
  <testcase classname="LcoPortal.PairUnpair.PairUnpairTest" name="pairTest" time="0.0">
    <ignored/>
  </testcase> <!-- pairTest -->
  <testcase classname="LcoPortal.PairUnpair.PairUnpairTest" name="pairTC3384Test" time="0.0">
    <ignored/>
  </testcase> <!-- pairTC3384Test -->
</testsuite> <!-- Default test -->
