<?xml version="1.0" encoding="UTF-8"?>
<!-- Generated by org.testng.reporters.JUnitXMLReporter -->
<testsuite ignored="34" hostname="DESKTOP-UBJL9G9" failures="0" tests="18" name="Test" time="332.708" errors="0" timestamp="2024-04-05T18:06:40 IST">
  <testcase classname="LcoPortal.BulkPayment.BulkPaymentTest" name="bulkPaymentTC3043Test" time="0.024"/>
  <testcase classname="LcoPortal.NewActivation.NewActivationTest" name="newActivationTest" time="0.003"/>
  <testcase classname="LcoPortal.PairUnpair.PairUnpairTest" name="pairTC2162Test" time="0.003"/>
  <testcase classname="LcoPortal.PairUnpair.PairTC3384Test" name="pairTC3384Test" time="0.002"/>
  <testcase classname="LcoPortal.PairUnpair.PairTC33Test" name="pairTC33Test" time="0.002"/>
  <testcase classname="LcoPortal.PairUnpair.PairTC3389Test" name="pairTC3389Test" time="0.002"/>
  <testcase classname="LcoPortal.PairUnpair.PairTC3390Test" name="pairTC3390Test" time="0.002"/>
  <testcase classname="LcoPortal.PairUnpair.PairTC3391Test" name="pairTC3391Test" time="0.001"/>
  <testcase classname="LcoPortal.PairUnpair.PairTC3392Test" name="pairTC3392Test" time="0.001"/>
  <testcase classname="LcoPortal.PairUnpair.PairTC3393Test" name="pairTC3393Test" time="0.002"/>
  <testcase classname="LcoPortal.PairUnpair.UnPairTC3428Test" name="unPairTC3428Test" time="0.001"/>
  <testcase classname="LcoPortal.PairUnpair.UnPairTC3429Test" name="unPairTC3429Test" time="0.002"/>
  <testcase classname="LcoPortal.PairUnpair.UnPairTC3430Test" name="unPairTC3430Test" time="0.002"/>
  <testcase classname="LcoPortal.PairUnpair.UnPairTC3431Test" name="unPairTC3431Test" time="0.016"/>
  <testcase classname="LcoPortal.PairUnpair.UnPairTC3432Test" name="unPairTC3432Test" time="0.003"/>
  <testcase classname="LcoPortal.PairUnpair.PairTC3433Test" name="pairTC3433Test" time="0.002"/>
  <testcase classname="LcoPortal.PairUnpair.PairTC3434Test" name="pairTC3434Test" time="0.013"/>
  <testcase classname="LcoPortal.PairUnpair.PairTC3435Test" name="pairTC3435Test" time="0.014"/>
  <testcase classname="LcoPortal.GenericUtilities.BaseClass" name="@AfterSuite aSuite" time="0.0">
    <ignored/>
  </testcase> <!-- @AfterSuite aSuite -->
  <testcase classname="LcoPortal.GenericUtilities.BaseClass" name="@BeforeSuite bSuite" time="0.0">
    <ignored/>
  </testcase> <!-- @BeforeSuite bSuite -->
  <testcase classname="LcoPortal.GenericUtilities.BaseClass" name="@BeforeSuite bSuite" time="0.0">
    <ignored/>
  </testcase> <!-- @BeforeSuite bSuite -->
  <testcase classname="LcoPortal.GenericUtilities.BaseClass" name="@BeforeSuite bSuite" time="0.0">
    <ignored/>
  </testcase> <!-- @BeforeSuite bSuite -->
  <testcase classname="LcoPortal.GenericUtilities.BaseClass" name="@AfterSuite aSuite" time="0.0">
    <ignored/>
  </testcase> <!-- @AfterSuite aSuite -->
  <testcase classname="LcoPortal.GenericUtilities.BaseClass" name="@AfterSuite aSuite" time="0.0">
    <ignored/>
  </testcase> <!-- @AfterSuite aSuite -->
  <testcase classname="LcoPortal.GenericUtilities.BaseClass" name="@BeforeSuite bSuite" time="0.0">
    <ignored/>
  </testcase> <!-- @BeforeSuite bSuite -->
  <testcase classname="LcoPortal.GenericUtilities.BaseClass" name="@BeforeSuite bSuite" time="0.0">
    <ignored/>
  </testcase> <!-- @BeforeSuite bSuite -->
  <testcase classname="LcoPortal.GenericUtilities.BaseClass" name="@BeforeSuite bSuite" time="0.0">
    <ignored/>
  </testcase> <!-- @BeforeSuite bSuite -->
  <testcase classname="LcoPortal.GenericUtilities.BaseClass" name="@BeforeSuite bSuite" time="0.0">
    <ignored/>
  </testcase> <!-- @BeforeSuite bSuite -->
  <testcase classname="LcoPortal.GenericUtilities.BaseClass" name="@AfterSuite aSuite" time="0.0">
    <ignored/>
  </testcase> <!-- @AfterSuite aSuite -->
  <testcase classname="LcoPortal.GenericUtilities.BaseClass" name="@AfterSuite aSuite" time="0.0">
    <ignored/>
  </testcase> <!-- @AfterSuite aSuite -->
  <testcase classname="LcoPortal.GenericUtilities.BaseClass" name="@AfterSuite aSuite" time="0.0">
    <ignored/>
  </testcase> <!-- @AfterSuite aSuite -->
  <testcase classname="LcoPortal.GenericUtilities.BaseClass" name="@BeforeSuite bSuite" time="0.0">
    <ignored/>
  </testcase> <!-- @BeforeSuite bSuite -->
  <testcase classname="LcoPortal.GenericUtilities.BaseClass" name="@AfterSuite aSuite" time="0.0">
    <ignored/>
  </testcase> <!-- @AfterSuite aSuite -->
  <testcase classname="LcoPortal.GenericUtilities.BaseClass" name="@BeforeSuite bSuite" time="0.0">
    <ignored/>
  </testcase> <!-- @BeforeSuite bSuite -->
  <testcase classname="LcoPortal.GenericUtilities.BaseClass" name="@AfterSuite aSuite" time="0.0">
    <ignored/>
  </testcase> <!-- @AfterSuite aSuite -->
  <testcase classname="LcoPortal.GenericUtilities.BaseClass" name="@BeforeSuite bSuite" time="0.0">
    <ignored/>
  </testcase> <!-- @BeforeSuite bSuite -->
  <testcase classname="LcoPortal.GenericUtilities.BaseClass" name="@BeforeSuite bSuite" time="0.0">
    <ignored/>
  </testcase> <!-- @BeforeSuite bSuite -->
  <testcase classname="LcoPortal.GenericUtilities.BaseClass" name="@BeforeSuite bSuite" time="0.0">
    <ignored/>
  </testcase> <!-- @BeforeSuite bSuite -->
  <testcase classname="LcoPortal.GenericUtilities.BaseClass" name="@AfterSuite aSuite" time="0.0">
    <ignored/>
  </testcase> <!-- @AfterSuite aSuite -->
  <testcase classname="LcoPortal.GenericUtilities.BaseClass" name="@AfterSuite aSuite" time="0.0">
    <ignored/>
  </testcase> <!-- @AfterSuite aSuite -->
  <testcase classname="LcoPortal.GenericUtilities.BaseClass" name="@AfterSuite aSuite" time="0.0">
    <ignored/>
  </testcase> <!-- @AfterSuite aSuite -->
  <testcase classname="LcoPortal.GenericUtilities.BaseClass" name="@BeforeSuite bSuite" time="0.0">
    <ignored/>
  </testcase> <!-- @BeforeSuite bSuite -->
  <testcase classname="LcoPortal.GenericUtilities.BaseClass" name="@BeforeSuite bSuite" time="0.0">
    <ignored/>
  </testcase> <!-- @BeforeSuite bSuite -->
  <testcase classname="LcoPortal.GenericUtilities.BaseClass" name="@AfterSuite aSuite" time="0.0">
    <ignored/>
  </testcase> <!-- @AfterSuite aSuite -->
  <testcase classname="LcoPortal.GenericUtilities.BaseClass" name="@BeforeSuite bSuite" time="0.0">
    <ignored/>
  </testcase> <!-- @BeforeSuite bSuite -->
  <testcase classname="LcoPortal.GenericUtilities.BaseClass" name="@AfterSuite aSuite" time="0.0">
    <ignored/>
  </testcase> <!-- @AfterSuite aSuite -->
  <testcase classname="LcoPortal.GenericUtilities.BaseClass" name="@BeforeSuite bSuite" time="0.0">
    <ignored/>
  </testcase> <!-- @BeforeSuite bSuite -->
  <testcase classname="LcoPortal.GenericUtilities.BaseClass" name="@AfterSuite aSuite" time="0.0">
    <ignored/>
  </testcase> <!-- @AfterSuite aSuite -->
  <testcase classname="LcoPortal.GenericUtilities.BaseClass" name="@AfterSuite aSuite" time="0.0">
    <ignored/>
  </testcase> <!-- @AfterSuite aSuite -->
  <testcase classname="LcoPortal.GenericUtilities.BaseClass" name="@BeforeSuite bSuite" time="0.0">
    <ignored/>
  </testcase> <!-- @BeforeSuite bSuite -->
  <testcase classname="LcoPortal.GenericUtilities.BaseClass" name="@AfterSuite aSuite" time="0.0">
    <ignored/>
  </testcase> <!-- @AfterSuite aSuite -->
  <testcase classname="LcoPortal.GenericUtilities.BaseClass" name="@AfterSuite aSuite" time="0.0">
    <ignored/>
  </testcase> <!-- @AfterSuite aSuite -->
</testsuite> <!-- Test -->
