<?xml version="1.0" encoding="UTF-8"?>
<testng-results ignored="0" total="1" passed="1" failed="0" skipped="0">
  <reporter-output>
  </reporter-output>
  <suite started-at="2024-03-29T15:47:08 IST" name="Default suite" finished-at="2024-03-29T15:47:16 IST" duration-ms="8651">
    <groups>
    </groups>
    <test started-at="2024-03-29T15:47:08 IST" name="Default test" finished-at="2024-03-29T15:47:16 IST" duration-ms="8651">
      <class name="LcoPortal.PairUnpair.PairUnpairTest">
        <test-method is-config="true" signature="bSuite()[pri:0, instance:LcoPortal.PairUnpair.PairUnpairTest@2002fc1d]" started-at="2024-03-29T15:47:08 IST" name="bSuite" finished-at="2024-03-29T15:47:08 IST" duration-ms="16" status="PASS">
          <reporter-output>
          </reporter-output>
        </test-method> <!-- bSuite -->
        <test-method is-config="true" signature="bClass()[pri:0, instance:LcoPortal.PairUnpair.PairUnpairTest@2002fc1d]" started-at="2024-03-29T15:47:08 IST" name="bClass" finished-at="2024-03-29T15:47:13 IST" duration-ms="5694" status="PASS">
          <reporter-output>
          </reporter-output>
        </test-method> <!-- bClass -->
        <test-method is-config="true" signature="bMethod()[pri:0, instance:LcoPortal.PairUnpair.PairUnpairTest@2002fc1d]" started-at="2024-03-29T15:47:14 IST" name="bMethod" finished-at="2024-03-29T15:47:14 IST" duration-ms="940" status="PASS">
          <reporter-output>
          </reporter-output>
        </test-method> <!-- bMethod -->
        <test-method signature="pair1Test()[pri:0, instance:LcoPortal.PairUnpair.PairUnpairTest@2002fc1d]" started-at="2024-03-29T15:47:14 IST" name="pair1Test" finished-at="2024-03-29T15:47:16 IST" duration-ms="1958" status="PASS">
          <reporter-output>
          </reporter-output>
        </test-method> <!-- pair1Test -->
        <test-method is-config="true" signature="aMethod()[pri:0, instance:LcoPortal.PairUnpair.PairUnpairTest@2002fc1d]" started-at="2024-03-29T15:47:16 IST" name="aMethod" finished-at="2024-03-29T15:47:16 IST" duration-ms="1" status="PASS">
          <reporter-output>
          </reporter-output>
        </test-method> <!-- aMethod -->
        <test-method is-config="true" signature="aClass()[pri:0, instance:LcoPortal.PairUnpair.PairUnpairTest@2002fc1d]" started-at="2024-03-29T15:47:16 IST" name="aClass" finished-at="2024-03-29T15:47:16 IST" duration-ms="1" status="PASS">
          <reporter-output>
          </reporter-output>
        </test-method> <!-- aClass -->
        <test-method is-config="true" signature="aSuite()[pri:0, instance:LcoPortal.PairUnpair.PairUnpairTest@2002fc1d]" started-at="2024-03-29T15:47:16 IST" name="aSuite" finished-at="2024-03-29T15:47:16 IST" duration-ms="1" status="PASS">
          <reporter-output>
          </reporter-output>
        </test-method> <!-- aSuite -->
      </class> <!-- LcoPortal.PairUnpair.PairUnpairTest -->
    </test> <!-- Default test -->
  </suite> <!-- Default suite -->
</testng-results>
